# JRE version: OpenJDK Runtime Environment (11.0.8+10) (build 11.0.8+10-b944.6842174)
# Java VM: OpenJDK 64-Bit Server VM (11.0.8+10-b944.6842174, mixed mode, tiered, compressed oops, g1 gc, windows-amd64)
Heap:
 garbage-first heap   total 126976K, used 57785K [0x00000000a0000000, 0x0000000100000000)
  region size 1024K, 23 young (23552K), 6 survivors (6144K)
 Metaspace       used 43451K, capacity 44459K, committed 44592K, reserved 1087488K
  class space    used 5572K, capacity 5915K, committed 6016K, reserved 1048576K
GC Heap History (16 events):
Event: 0.596 GC heap before
{Heap before GC invocations=0 (full 0):
 garbage-first heap   total 126976K, used 29696K [0x00000000a0000000, 0x0000000100000000)
  region size 1024K, 24 young (24576K), 0 survivors (0K)
 Metaspace       used 10807K, capacity 11069K, committed 11264K, reserved 1058816K
  class space    used 1146K, capacity 1203K, committed 1280K, reserved 1048576K
}
Event: 0.603 GC heap after
{Heap after GC invocations=1 (full 0):
 garbage-first heap   total 126976K, used 8508K [0x00000000a0000000, 0x0000000100000000)
  region size 1024K, 3 young (3072K), 3 survivors (3072K)
 Metaspace       used 10807K, capacity 11069K, committed 11264K, reserved 1058816K
  class space    used 1146K, capacity 1203K, committed 1280K, reserved 1048576K
}
Event: 2.046 GC heap before
{Heap before GC invocations=1 (full 0):
 garbage-first heap   total 126976K, used 80188K [0x00000000a0000000, 0x0000000100000000)
  region size 1024K, 74 young (75776K), 3 survivors (3072K)
 Metaspace       used 19260K, capacity 19672K, committed 19968K, reserved 1067008K
  class space    used 2344K, capacity 2478K, committed 2560K, reserved 1048576K
}
Event: 2.053 GC heap after
{Heap after GC invocations=2 (full 0):
 garbage-first heap   total 126976K, used 15550K [0x00000000a0000000, 0x0000000100000000)
  region size 1024K, 10 young (10240K), 10 survivors (10240K)
 Metaspace       used 19260K, capacity 19672K, committed 19968K, reserved 1067008K
  class space    used 2344K, capacity 2478K, committed 2560K, reserved 1048576K
}
Event: 2.220 GC heap before
{Heap before GC invocations=2 (full 0):
 garbage-first heap   total 126976K, used 20670K [0x00000000a0000000, 0x0000000100000000)
  region size 1024K, 16 young (16384K), 10 survivors (10240K)
 Metaspace       used 20707K, capacity 21200K, committed 21296K, reserved 1069056K
  class space    used 2439K, capacity 2649K, committed 2688K, reserved 1048576K
}
Event: 2.229 GC heap after
{Heap after GC invocations=3 (full 0):
 garbage-first heap   total 126976K, used 15986K [0x00000000a0000000, 0x0000000100000000)
  region size 1024K, 1 young (1024K), 1 survivors (1024K)
 Metaspace       used 20707K, capacity 21200K, committed 21296K, reserved 1069056K
  class space    used 2439K, capacity 2649K, committed 2688K, reserved 1048576K
}
Event: 3.085 GC heap before
{Heap before GC invocations=4 (full 0):
 garbage-first heap   total 126976K, used 70258K [0x00000000a0000000, 0x0000000100000000)
  region size 1024K, 46 young (47104K), 1 survivors (1024K)
 Metaspace       used 26117K, capacity 26846K, committed 27056K, reserved 1073152K
  class space    used 3322K, capacity 3567K, committed 3584K, reserved 1048576K
}
Event: 3.088 GC heap after
{Heap after GC invocations=5 (full 0):
 garbage-first heap   total 126976K, used 28459K [0x00000000a0000000, 0x0000000100000000)
  region size 1024K, 4 young (4096K), 4 survivors (4096K)
 Metaspace       used 26117K, capacity 26846K, committed 27056K, reserved 1073152K
  class space    used 3322K, capacity 3567K, committed 3584K, reserved 1048576K
}
Event: 3.911 GC heap before
{Heap before GC invocations=5 (full 0):
 garbage-first heap   total 126976K, used 74539K [0x00000000a0000000, 0x0000000100000000)
  region size 1024K, 50 young (51200K), 4 survivors (4096K)
 Metaspace       used 34065K, capacity 34783K, committed 35120K, reserved 1079296K
  class space    used 4337K, capacity 4617K, committed 4736K, reserved 1048576K
}
Event: 3.917 GC heap after
{Heap after GC invocations=6 (full 0):
 garbage-first heap   total 126976K, used 31301K [0x00000000a0000000, 0x0000000100000000)
  region size 1024K, 7 young (7168K), 7 survivors (7168K)
 Metaspace       used 34065K, capacity 34783K, committed 35120K, reserved 1079296K
  class space    used 4337K, capacity 4617K, committed 4736K, reserved 1048576K
}
Event: 4.009 GC heap before
{Heap before GC invocations=6 (full 0):
 garbage-first heap   total 126976K, used 34373K [0x00000000a0000000, 0x0000000100000000)
  region size 1024K, 11 young (11264K), 7 survivors (7168K)
 Metaspace       used 34832K, capacity 35627K, committed 35888K, reserved 1081344K
  class space    used 4444K, capacity 4729K, committed 4736K, reserved 1048576K
}
Event: 4.016 GC heap after
{Heap after GC invocations=7 (full 0):
 garbage-first heap   total 126976K, used 32332K [0x00000000a0000000, 0x0000000100000000)
  region size 1024K, 4 young (4096K), 4 survivors (4096K)
 Metaspace       used 34832K, capacity 35627K, committed 35888K, reserved 1081344K
  class space    used 4444K, capacity 4729K, committed 4736K, reserved 1048576K
}
Event: 4.720 GC heap before
{Heap before GC invocations=8 (full 0):
 garbage-first heap   total 126976K, used 82508K [0x00000000a0000000, 0x0000000100000000)
  region size 1024K, 50 young (51200K), 4 survivors (4096K)
 Metaspace       used 39519K, capacity 40419K, committed 40752K, reserved 1085440K
  class space    used 5042K, capacity 5379K, committed 5504K, reserved 1048576K
}
Event: 4.726 GC heap after
{Heap after GC invocations=9 (full 0):
 garbage-first heap   total 126976K, used 34788K [0x00000000a0000000, 0x0000000100000000)
  region size 1024K, 6 young (6144K), 6 survivors (6144K)
 Metaspace       used 39519K, capacity 40419K, committed 40752K, reserved 1085440K
  class space    used 5042K, capacity 5379K, committed 5504K, reserved 1048576K
}
Event: 5.857 GC heap before
{Heap before GC invocations=9 (full 0):
 garbage-first heap   total 126976K, used 83940K [0x00000000a0000000, 0x0000000100000000)
  region size 1024K, 54 young (55296K), 6 survivors (6144K)
 Metaspace       used 43256K, capacity 44292K, committed 44592K, reserved 1087488K
  class space    used 5558K, capacity 5906K, committed 6016K, reserved 1048576K
}
Event: 5.864 GC heap after
{Heap after GC invocations=10 (full 0):
 garbage-first heap   total 126976K, used 37305K [0x00000000a0000000, 0x0000000100000000)
  region size 1024K, 6 young (6144K), 6 survivors (6144K)
 Metaspace       used 43256K, capacity 44292K, committed 44592K, reserved 1087488K
  class space    used 5558K, capacity 5906K, committed 6016K, reserved 1048576K
}

